# JRE version: OpenJDK Runtime Environment Temurin-17.0.9+9 (17.0.9+9) (build 17.0.9+9)
# Java VM: OpenJDK 64-Bit Server VM Temurin-17.0.9+9 (17.0.9+9, mixed mode, emulated-client, tiered, compressed oops, compressed class ptrs, g1 gc, windows-amd64)
GC Precious Log:
 CPUs: 8 total, 8 available
 Memory: 8029M
 Large Page Support: Disabled
 NUMA Support: Disabled
 Compressed Oops: Enabled (32-bit)
 Heap Region Size: 1M
 Heap Min Capacity: 8M
 Heap Initial Capacity: 126M
 Heap Max Capacity: 2008M
 Pre-touch: Disabled
 Parallel Workers: 8
 Concurrent Workers: 2
 Concurrent Refinement Workers: 8
 Periodic GC: Disabled
Heap:
 garbage-first heap   total 129024K, used 59470K [0x0000000082800000, 0x0000000100000000)
  region size 1024K, 1 young (1024K), 1 survivors (1024K)
 Metaspace       used 79397K, committed 80000K, reserved 1179648K
  class space    used 10979K, committed 11264K, reserved 1048576K
GC Heap History (20 events):
Event: 5.789 GC heap after
{Heap after GC invocations=16 (full 0):
 garbage-first heap   total 82944K, used 26239K [0x0000000082800000, 0x0000000100000000)
  region size 1024K, 4 young (4096K), 4 survivors (4096K)
 Metaspace       used 67358K, committed 67904K, reserved 1114112K
  class space    used 9090K, committed 9344K, reserved 1048576K
}
Event: 6.238 GC heap before
{Heap before GC invocations=17 (full 0):
 garbage-first heap   total 82944K, used 63103K [0x0000000082800000, 0x0000000100000000)
  region size 1024K, 41 young (41984K), 4 survivors (4096K)
 Metaspace       used 72408K, committed 72896K, reserved 1114112K
  class space    used 10049K, committed 10304K, reserved 1048576K
}
Event: 6.250 GC heap after
{Heap after GC invocations=18 (full 0):
 garbage-first heap   total 82944K, used 29138K [0x0000000082800000, 0x0000000100000000)
  region size 1024K, 5 young (5120K), 5 survivors (5120K)
 Metaspace       used 72408K, committed 72896K, reserved 1114112K
  class space    used 10049K, committed 10304K, reserved 1048576K
}
Event: 6.569 GC heap before
{Heap before GC invocations=18 (full 0):
 garbage-first heap   total 82944K, used 63954K [0x0000000082800000, 0x0000000100000000)
  region size 1024K, 39 young (39936K), 5 survivors (5120K)
 Metaspace       used 74979K, committed 75520K, reserved 1114112K
  class space    used 10400K, committed 10624K, reserved 1048576K
}
Event: 6.573 GC heap after
{Heap after GC invocations=19 (full 0):
 garbage-first heap   total 82944K, used 30676K [0x0000000082800000, 0x0000000100000000)
  region size 1024K, 2 young (2048K), 2 survivors (2048K)
 Metaspace       used 74979K, committed 75520K, reserved 1114112K
  class space    used 10400K, committed 10624K, reserved 1048576K
}
Event: 6.919 GC heap before
{Heap before GC invocations=19 (full 0):
 garbage-first heap   total 82944K, used 64468K [0x0000000082800000, 0x0000000100000000)
  region size 1024K, 35 young (35840K), 2 survivors (2048K)
 Metaspace       used 78046K, committed 78592K, reserved 1179648K
  class space    used 10813K, committed 11072K, reserved 1048576K
}
Event: 6.922 GC heap after
{Heap after GC invocations=20 (full 0):
 garbage-first heap   total 82944K, used 32628K [0x0000000082800000, 0x0000000100000000)
  region size 1024K, 4 young (4096K), 4 survivors (4096K)
 Metaspace       used 78046K, committed 78592K, reserved 1179648K
  class space    used 10813K, committed 11072K, reserved 1048576K
}
Event: 7.124 GC heap before
{Heap before GC invocations=20 (full 0):
 garbage-first heap   total 82944K, used 64372K [0x0000000082800000, 0x0000000100000000)
  region size 1024K, 35 young (35840K), 4 survivors (4096K)
 Metaspace       used 79293K, committed 79872K, reserved 1179648K
  class space    used 10963K, committed 11264K, reserved 1048576K
}
Event: 7.130 GC heap after
{Heap after GC invocations=21 (full 0):
 garbage-first heap   total 82944K, used 37546K [0x0000000082800000, 0x0000000100000000)
  region size 1024K, 5 young (5120K), 5 survivors (5120K)
 Metaspace       used 79293K, committed 79872K, reserved 1179648K
  class space    used 10963K, committed 11264K, reserved 1048576K
}
Event: 7.248 GC heap before
{Heap before GC invocations=21 (full 0):
 garbage-first heap   total 82944K, used 64170K [0x0000000082800000, 0x0000000100000000)
  region size 1024K, 31 young (31744K), 5 survivors (5120K)
 Metaspace       used 79389K, committed 79936K, reserved 1179648K
  class space    used 10978K, committed 11264K, reserved 1048576K
}
Event: 7.255 GC heap after
{Heap after GC invocations=22 (full 0):
 garbage-first heap   total 100352K, used 46101K [0x0000000082800000, 0x0000000100000000)
  region size 1024K, 4 young (4096K), 4 survivors (4096K)
 Metaspace       used 79389K, committed 79936K, reserved 1179648K
  class space    used 10978K, committed 11264K, reserved 1048576K
}
Event: 7.317 GC heap before
{Heap before GC invocations=22 (full 0):
 garbage-first heap   total 100352K, used 73749K [0x0000000082800000, 0x0000000100000000)
  region size 1024K, 32 young (32768K), 4 survivors (4096K)
 Metaspace       used 79389K, committed 79936K, reserved 1179648K
  class space    used 10978K, committed 11264K, reserved 1048576K
}
Event: 7.323 GC heap after
{Heap after GC invocations=23 (full 0):
 garbage-first heap   total 100352K, used 53487K [0x0000000082800000, 0x0000000100000000)
  region size 1024K, 4 young (4096K), 4 survivors (4096K)
 Metaspace       used 79389K, committed 79936K, reserved 1179648K
  class space    used 10978K, committed 11264K, reserved 1048576K
}
Event: 7.366 GC heap before
{Heap before GC invocations=23 (full 0):
 garbage-first heap   total 100352K, used 55535K [0x0000000082800000, 0x0000000100000000)
  region size 1024K, 8 young (8192K), 4 survivors (4096K)
 Metaspace       used 79389K, committed 79936K, reserved 1179648K
  class space    used 10978K, committed 11264K, reserved 1048576K
}
Event: 7.369 GC heap after
{Heap after GC invocations=24 (full 0):
 garbage-first heap   total 100352K, used 55096K [0x0000000082800000, 0x0000000100000000)
  region size 1024K, 1 young (1024K), 1 survivors (1024K)
 Metaspace       used 79389K, committed 79936K, reserved 1179648K
  class space    used 10978K, committed 11264K, reserved 1048576K
}
Event: 7.424 GC heap before
{Heap before GC invocations=24 (full 0):
 garbage-first heap   total 117760K, used 74552K [0x0000000082800000, 0x0000000100000000)
  region size 1024K, 20 young (20480K), 1 survivors (1024K)
 Metaspace       used 79389K, committed 79936K, reserved 1179648K
  class space    used 10978K, committed 11264K, reserved 1048576K
}
Event: 7.427 GC heap after
{Heap after GC invocations=25 (full 0):
 garbage-first heap   total 117760K, used 60201K [0x0000000082800000, 0x0000000100000000)
  region size 1024K, 3 young (3072K), 3 survivors (3072K)
 Metaspace       used 79389K, committed 79936K, reserved 1179648K
  class space    used 10978K, committed 11264K, reserved 1048576K
}
Event: 7.511 GC heap before
{Heap before GC invocations=26 (full 0):
 garbage-first heap   total 117760K, used 85801K [0x0000000082800000, 0x0000000100000000)
  region size 1024K, 29 young (29696K), 3 survivors (3072K)
 Metaspace       used 79397K, committed 80000K, reserved 1179648K
  class space    used 10979K, committed 11264K, reserved 1048576K
}
Event: 7.516 GC heap after
{Heap after GC invocations=27 (full 0):
 garbage-first heap   total 117760K, used 67237K [0x0000000082800000, 0x0000000100000000)
  region size 1024K, 4 young (4096K), 4 survivors (4096K)
 Metaspace       used 79397K, committed 80000K, reserved 1179648K
  class space    used 10979K, committed 11264K, reserved 1048576K
}
Event: 7.517 GC heap before
{Heap before GC invocations=27 (full 0):
 garbage-first heap   total 117760K, used 68261K [0x0000000082800000, 0x0000000100000000)
  region size 1024K, 5 young (5120K), 4 survivors (4096K)
 Metaspace       used 79397K, committed 80000K, reserved 1179648K
  class space    used 10979K, committed 11264K, reserved 1048576K
}

